<?xml version="1.0" encoding="UTF-8"?>
<!-- Generated by org.testng.reporters.JUnitReportReporter -->
<testsuite skipped="0" hostname="Oshins-MacBook-Pro.local" name="com.NDTV.Base.BaseCapabilities" tests="1" failures="0" timestamp="2020-07-14T22:50:07 IST" time="0.009" errors="0">
  <testcase name="Base" time="0.009" classname="com.NDTV.Base.BaseCapabilities"/>
  <system-out/>
</testsuite> <!-- com.NDTV.Base.BaseCapabilities -->
