<?xml version="1.0" encoding="UTF-8"?>
<!-- Generated by org.testng.reporters.JUnitReportReporter -->
<testsuite skipped="0" hostname="Oshins-MBP" name="com.NDTV.Web.TestCases.TC01_ValidateTest" tests="3" failures="0" timestamp="2020-07-18T20:13:51 IST" time="22.211" errors="0">
  <testcase name="getUIWeatherDetails" time="8.550" classname="com.NDTV.Web.TestCases.TC01_ValidateTest"/>
  <system-out/>
  <testcase name="getApiResponse" time="13.659" classname="com.NDTV.Web.TestCases.TC01_ValidateTest"/>
  <system-out/>
  <testcase name="compareWeatherFromUIandAPI" time="0.002" classname="com.NDTV.Web.TestCases.TC01_ValidateTest"/>
  <system-out/>
</testsuite> <!-- com.NDTV.Web.TestCases.TC01_ValidateTest -->
