<?xml version="1.0" encoding="UTF-8"?>
<!-- Generated by org.testng.reporters.JUnitReportReporter -->
<testsuite skipped="0" hostname="Oshins-MBP" name="com.NDTV.Web.TestCases.TC01_ValidateTest" tests="3" failures="0" timestamp="2020-07-18T21:21:14 IST" time="6.453" errors="0">
  <testcase name="getApiResponse" time="2.561" classname="com.NDTV.Web.TestCases.TC01_ValidateTest"/>
  <system-out/>
  <testcase name="compareWeatherFromUIandAPI" time="0.001" classname="com.NDTV.Web.TestCases.TC01_ValidateTest"/>
  <system-out/>
  <testcase name="getUIWeatherDetails" time="3.891" classname="com.NDTV.Web.TestCases.TC01_ValidateTest"/>
  <system-out/>
</testsuite> <!-- com.NDTV.Web.TestCases.TC01_ValidateTest -->
