<?xml version="1.0" encoding="UTF-8"?>
<!-- Generated by org.testng.reporters.JUnitReportReporter -->
<testsuite skipped="0" hostname="Oshins-MBP" name="com.NDTV.Web.TestCases.TC01_ValidateTest" tests="2" failures="0" timestamp="2020-07-18T01:16:07 IST" time="10.042" errors="0">
  <testcase name="apiValidateResponse" time="5.146" classname="com.NDTV.Web.TestCases.TC01_ValidateTest"/>
  <system-out/>
  <testcase name="launch" time="4.896" classname="com.NDTV.Web.TestCases.TC01_ValidateTest"/>
  <system-out/>
</testsuite> <!-- com.NDTV.Web.TestCases.TC01_ValidateTest -->
