<?xml version="1.0" encoding="UTF-8"?>
<!-- Generated by org.testng.reporters.JUnitReportReporter -->
<testsuite skipped="0" hostname="Oshins-MacBook-Pro.local" name="com.NDTV.Web.TestCases.TC01_ValidateTest" tests="3" failures="0" timestamp="2020-08-04T22:54:21 IST" time="5.626" errors="0">
  <testcase name="getUIWeatherDetails" time="3.243" classname="com.NDTV.Web.TestCases.TC01_ValidateTest"/>
  <system-out/>
  <testcase name="compareWeatherFromUIandAPI" time="0.005" classname="com.NDTV.Web.TestCases.TC01_ValidateTest"/>
  <system-out/>
  <testcase name="getApiResponse" time="2.378" classname="com.NDTV.Web.TestCases.TC01_ValidateTest"/>
  <system-out/>
</testsuite> <!-- com.NDTV.Web.TestCases.TC01_ValidateTest -->
